# JRE version: OpenJDK Runtime Environment (11.0+28) (build 11+28)
# Java VM: OpenJDK 64-Bit Server VM (11+28, mixed mode, tiered, compressed oops, g1 gc, windows-amd64)
Heap:
 garbage-first heap   total 262144K, used 119101K [0x00000000e0000000, 0x0000000100000000)
  region size 1024K, 71 young (72704K), 9 survivors (9216K)
 Metaspace       used 61082K, capacity 62913K, committed 62976K, reserved 309248K
  class space    used 7720K, capacity 8411K, committed 8448K, reserved 253952K
GC Heap History (10 events):
Event: 23.186 GC heap before
{Heap before GC invocations=14 (full 0):
 garbage-first heap   total 262144K, used 195901K [0x00000000e0000000, 0x0000000100000000)
  region size 1024K, 143 young (146432K), 8 survivors (8192K)
 Metaspace       used 59079K, capacity 60923K, committed 61176K, reserved 307200K
  class space    used 7549K, capacity 8231K, committed 8320K, reserved 253952K
}
Event: 23.192 GC heap after
{Heap after GC invocations=15 (full 0):
 garbage-first heap   total 262144K, used 54589K [0x00000000e0000000, 0x0000000100000000)
  region size 1024K, 8 young (8192K), 8 survivors (8192K)
 Metaspace       used 59079K, capacity 60923K, committed 61176K, reserved 307200K
  class space    used 7549K, capacity 8231K, committed 8320K, reserved 253952K
}
Event: 31.844 GC heap before
{Heap before GC invocations=15 (full 0):
 garbage-first heap   total 262144K, used 201021K [0x00000000e0000000, 0x0000000100000000)
  region size 1024K, 146 young (149504K), 8 survivors (8192K)
 Metaspace       used 59357K, capacity 61185K, committed 61432K, reserved 307200K
  class space    used 7567K, capacity 8245K, committed 8320K, reserved 253952K
}
Event: 31.851 GC heap after
{Heap after GC invocations=16 (full 0):
 garbage-first heap   total 262144K, used 54976K [0x00000000e0000000, 0x0000000100000000)
  region size 1024K, 9 young (9216K), 9 survivors (9216K)
 Metaspace       used 59357K, capacity 61185K, committed 61432K, reserved 307200K
  class space    used 7567K, capacity 8245K, committed 8320K, reserved 253952K
}
Event: 32.075 GC heap before
{Heap before GC invocations=16 (full 0):
 garbage-first heap   total 262144K, used 206528K [0x00000000e0000000, 0x0000000100000000)
  region size 1024K, 150 young (153600K), 9 survivors (9216K)
 Metaspace       used 59374K, capacity 61186K, committed 61432K, reserved 307200K
  class space    used 7567K, capacity 8245K, committed 8320K, reserved 253952K
}
Event: 32.083 GC heap after
{Heap after GC invocations=17 (full 0):
 garbage-first heap   total 262144K, used 56005K [0x00000000e0000000, 0x0000000100000000)
  region size 1024K, 10 young (10240K), 10 survivors (10240K)
 Metaspace       used 59374K, capacity 61186K, committed 61432K, reserved 307200K
  class space    used 7567K, capacity 8245K, committed 8320K, reserved 253952K
}
Event: 32.372 GC heap before
{Heap before GC invocations=17 (full 0):
 garbage-first heap   total 262144K, used 208581K [0x00000000e0000000, 0x0000000100000000)
  region size 1024K, 153 young (156672K), 10 survivors (10240K)
 Metaspace       used 59403K, capacity 61186K, committed 61432K, reserved 307200K
  class space    used 7569K, capacity 8245K, committed 8320K, reserved 253952K
}
Event: 32.380 GC heap after
{Heap after GC invocations=18 (full 0):
 garbage-first heap   total 262144K, used 55013K [0x00000000e0000000, 0x0000000100000000)
  region size 1024K, 9 young (9216K), 9 survivors (9216K)
 Metaspace       used 59403K, capacity 61186K, committed 61432K, reserved 307200K
  class space    used 7569K, capacity 8245K, committed 8320K, reserved 253952K
}
Event: 36.288 GC heap before
{Heap before GC invocations=18 (full 0):
 garbage-first heap   total 262144K, used 207589K [0x00000000e0000000, 0x0000000100000000)
  region size 1024K, 153 young (156672K), 9 survivors (9216K)
 Metaspace       used 60187K, capacity 62052K, committed 62080K, reserved 309248K
  class space    used 7626K, capacity 8316K, committed 8320K, reserved 253952K
}
Event: 36.297 GC heap after
{Heap after GC invocations=19 (full 0):
 garbage-first heap   total 262144K, used 55613K [0x00000000e0000000, 0x0000000100000000)
  region size 1024K, 9 young (9216K), 9 survivors (9216K)
 Metaspace       used 60187K, capacity 62052K, committed 62080K, reserved 309248K
  class space    used 7626K, capacity 8316K, committed 8320K, reserved 253952K
}

