# JRE version: OpenJDK Runtime Environment (11.0+28) (build 11+28)
# Java VM: OpenJDK 64-Bit Server VM (11+28, mixed mode, tiered, compressed oops, g1 gc, windows-amd64)
Heap:
 garbage-first heap   total 262144K, used 164539K [0x00000000e0000000, 0x0000000100000000)
  region size 1024K, 19 young (19456K), 9 survivors (9216K)
 Metaspace       used 75760K, capacity 78016K, committed 78336K, reserved 323584K
  class space    used 9272K, capacity 10141K, committed 10240K, reserved 253952K
GC Heap History (10 events):
Event: 52.052 GC heap before
{Heap before GC invocations=53 (full 0):
 garbage-first heap   total 262144K, used 223199K [0x00000000e0000000, 0x0000000100000000)
  region size 1024K, 79 young (80896K), 3 survivors (3072K)
 Metaspace       used 71494K, capacity 73492K, committed 73728K, reserved 319488K
  class space    used 8892K, capacity 9723K, committed 9728K, reserved 253952K
}
Event: 52.058 GC heap after
{Heap after GC invocations=54 (full 0):
 garbage-first heap   total 262144K, used 143862K [0x00000000e0000000, 0x0000000100000000)
  region size 1024K, 2 young (2048K), 2 survivors (2048K)
 Metaspace       used 71494K, capacity 73492K, committed 73728K, reserved 319488K
  class space    used 8892K, capacity 9723K, committed 9728K, reserved 253952K
}
Event: 52.283 GC heap before
{Heap before GC invocations=54 (full 0):
 garbage-first heap   total 262144K, used 223734K [0x00000000e0000000, 0x0000000100000000)
  region size 1024K, 80 young (81920K), 2 survivors (2048K)
 Metaspace       used 71494K, capacity 73492K, committed 73728K, reserved 319488K
  class space    used 8892K, capacity 9723K, committed 9728K, reserved 253952K
}
Event: 52.292 GC heap after
{Heap after GC invocations=55 (full 0):
 garbage-first heap   total 262144K, used 146933K [0x00000000e0000000, 0x0000000100000000)
  region size 1024K, 5 young (5120K), 5 survivors (5120K)
 Metaspace       used 71494K, capacity 73492K, committed 73728K, reserved 319488K
  class space    used 8892K, capacity 9723K, committed 9728K, reserved 253952K
}
Event: 55.229 GC heap before
{Heap before GC invocations=56 (full 0):
 garbage-first heap   total 262144K, used 223733K [0x00000000e0000000, 0x0000000100000000)
  region size 1024K, 80 young (81920K), 5 survivors (5120K)
 Metaspace       used 73832K, capacity 75973K, committed 76032K, reserved 321536K
  class space    used 9083K, capacity 9965K, committed 9984K, reserved 253952K
}
Event: 55.247 GC heap after
{Heap after GC invocations=57 (full 0):
 garbage-first heap   total 262144K, used 149697K [0x00000000e0000000, 0x0000000100000000)
  region size 1024K, 7 young (7168K), 7 survivors (7168K)
 Metaspace       used 73832K, capacity 75973K, committed 76032K, reserved 321536K
  class space    used 9083K, capacity 9965K, committed 9984K, reserved 253952K
}
Event: 57.769 GC heap before
{Heap before GC invocations=57 (full 0):
 garbage-first heap   total 262144K, used 225473K [0x00000000e0000000, 0x0000000100000000)
  region size 1024K, 81 young (82944K), 7 survivors (7168K)
 Metaspace       used 74183K, capacity 76381K, committed 76544K, reserved 321536K
  class space    used 9092K, capacity 9972K, committed 9984K, reserved 253952K
}
Event: 57.789 GC heap after
{Heap after GC invocations=58 (full 0):
 garbage-first heap   total 262144K, used 151518K [0x00000000e0000000, 0x0000000100000000)
  region size 1024K, 6 young (6144K), 6 survivors (6144K)
 Metaspace       used 74183K, capacity 76381K, committed 76544K, reserved 321536K
  class space    used 9092K, capacity 9972K, committed 9984K, reserved 253952K
}
Event: 61.603 GC heap before
{Heap before GC invocations=59 (full 0):
 garbage-first heap   total 262144K, used 225246K [0x00000000e0000000, 0x0000000100000000)
  region size 1024K, 79 young (80896K), 6 survivors (6144K)
 Metaspace       used 74712K, capacity 76968K, committed 77184K, reserved 321536K
  class space    used 9157K, capacity 10037K, committed 10112K, reserved 253952K
}
Event: 61.631 GC heap after
{Heap after GC invocations=60 (full 0):
 garbage-first heap   total 262144K, used 155323K [0x00000000e0000000, 0x0000000100000000)
  region size 1024K, 9 young (9216K), 9 survivors (9216K)
 Metaspace       used 74712K, capacity 76968K, committed 77184K, reserved 321536K
  class space    used 9157K, capacity 10037K, committed 10112K, reserved 253952K
}

